[11/05/2020 17:51:59] <<< Cupy not available. Using numpy. >>>
Using TensorFlow backend.
[11/05/2020 17:52:00] <<< Cupy not available. Using numpy. >>>
[11/05/2020 17:52:00] Reading parameters from config.py.
[11/05/2020 17:52:00] <<< Loading Dataset instance from ./datasets/Dataset_xerox_enfr.pkl ... >>>
[11/05/2020 17:52:00] <<< Dataset instance loaded >>>
[11/05/2020 17:52:00] <<< Updating Dataset instance xerox_enfr ... >>>
[11/05/2020 17:52:00] Removed "val" set output with id "target_text.
[11/05/2020 17:52:00] 	Applying tokenization function: "tokenize_none".
[11/05/2020 17:52:00] Loaded "val" set inputs of data_type "text-features" with data_id "source_text" and length 984.
[11/05/2020 17:52:00] Loaded "val" set inputs of data_type "ghost" with data_id "state_below" and length 984.
[11/05/2020 17:52:00] Loaded "val" set inputs of type "file-name" with id "raw_source_text".
[11/05/2020 17:52:00] Building BPE
[11/05/2020 17:52:00] <<< Using an ensemble of 1 models >>>
[11/05/2020 17:52:00] <<< Loading model from ./trained_models/best_xerox_512_50/update_37500_Model_Wrapper.pkl ... >>>
[11/05/2020 17:52:00] <<< Loading model from ./trained_models/best_xerox_512_50/update_37500.h5 ... >>>
[11/05/2020 17:52:00] From /home/annamar/nmtk/lib/python3.7/site-packages/keras/backend/tensorflow_backend.py:532: The name tf.placeholder is deprecated. Please use tf.compat.v1.placeholder instead.

[11/05/2020 17:52:00] From /home/annamar/nmtk/lib/python3.7/site-packages/keras/backend/tensorflow_backend.py:4719: The name tf.random_uniform is deprecated. Please use tf.random.uniform instead.

[11/05/2020 17:52:00] From /home/annamar/nmtk/lib/python3.7/site-packages/keras/backend/tensorflow_backend.py:133: The name tf.get_default_graph is deprecated. Please use tf.compat.v1.get_default_graph instead.

[11/05/2020 17:52:00] From /home/annamar/nmtk/lib/python3.7/site-packages/keras/backend/tensorflow_backend.py:136: The name tf.placeholder_with_default is deprecated. Please use tf.compat.v1.placeholder_with_default instead.

[11/05/2020 17:52:00] From /home/annamar/nmtk/lib/python3.7/site-packages/keras/backend/tensorflow_backend.py:4696: The name tf.random_normal is deprecated. Please use tf.random.normal instead.

[11/05/2020 17:52:00] From /home/annamar/nmtk/lib/python3.7/site-packages/keras/backend/tensorflow_backend.py:4006: calling dropout (from tensorflow.python.ops.nn_ops) with keep_prob is deprecated and will be removed in a future version.
Instructions for updating:
Please use `rate` instead of `keep_prob`. Rate should be set to `rate = 1 - keep_prob`.
[11/05/2020 17:52:02] From /home/annamar/nmtk/lib/python3.7/site-packages/keras/backend/tensorflow_backend.py:3417: where (from tensorflow.python.ops.array_ops) is deprecated and will be removed in a future version.
Instructions for updating:
Use tf.where in 2.0, which has the same broadcast rule as np.where
[11/05/2020 17:52:02] From /home/annamar/nmtk/lib/python3.7/site-packages/keras/backend/tensorflow_backend.py:178: The name tf.get_default_session is deprecated. Please use tf.compat.v1.get_default_session instead.

[11/05/2020 17:52:02] From /home/annamar/nmtk/lib/python3.7/site-packages/keras/backend/tensorflow_backend.py:185: The name tf.ConfigProto is deprecated. Please use tf.compat.v1.ConfigProto instead.

[11/05/2020 17:52:02] From /home/annamar/nmtk/lib/python3.7/site-packages/keras/backend/tensorflow_backend.py:194: The name tf.Session is deprecated. Please use tf.compat.v1.Session instead.

2020-05-11 17:52:02.482064: I tensorflow/core/platform/cpu_feature_guard.cc:142] Your CPU supports instructions that this TensorFlow binary was not compiled to use: AVX2 FMA
2020-05-11 17:52:02.506114: I tensorflow/core/platform/profile_utils/cpu_utils.cc:94] CPU Frequency: 2808000000 Hz
2020-05-11 17:52:02.506513: I tensorflow/compiler/xla/service/service.cc:168] XLA service 0x55c514793260 initialized for platform Host (this does not guarantee that XLA will be used). Devices:
2020-05-11 17:52:02.506532: I tensorflow/compiler/xla/service/service.cc:176]   StreamExecutor device (0): Host, Default Version
2020-05-11 17:52:02.508164: I tensorflow/stream_executor/platform/default/dso_loader.cc:44] Successfully opened dynamic library libcuda.so.1
2020-05-11 17:52:03.762930: I tensorflow/stream_executor/cuda/cuda_gpu_executor.cc:983] successful NUMA node read from SysFS had negative value (-1), but there must be at least one NUMA node, so returning NUMA node zero
2020-05-11 17:52:03.763298: I tensorflow/compiler/xla/service/service.cc:168] XLA service 0x55c514795320 initialized for platform CUDA (this does not guarantee that XLA will be used). Devices:
2020-05-11 17:52:03.763316: I tensorflow/compiler/xla/service/service.cc:176]   StreamExecutor device (0): GeForce RTX 2080, Compute Capability 7.5
2020-05-11 17:52:03.763434: I tensorflow/stream_executor/cuda/cuda_gpu_executor.cc:983] successful NUMA node read from SysFS had negative value (-1), but there must be at least one NUMA node, so returning NUMA node zero
2020-05-11 17:52:03.763710: I tensorflow/core/common_runtime/gpu/gpu_device.cc:1618] Found device 0 with properties: 
name: GeForce RTX 2080 major: 7 minor: 5 memoryClockRate(GHz): 1.71
pciBusID: 0000:01:00.0
2020-05-11 17:52:03.763865: I tensorflow/stream_executor/platform/default/dso_loader.cc:44] Successfully opened dynamic library libcudart.so.10.0
2020-05-11 17:52:03.764691: I tensorflow/stream_executor/platform/default/dso_loader.cc:44] Successfully opened dynamic library libcublas.so.10.0
2020-05-11 17:52:03.765435: I tensorflow/stream_executor/platform/default/dso_loader.cc:44] Successfully opened dynamic library libcufft.so.10.0
2020-05-11 17:52:03.765641: I tensorflow/stream_executor/platform/default/dso_loader.cc:44] Successfully opened dynamic library libcurand.so.10.0
2020-05-11 17:52:03.766602: I tensorflow/stream_executor/platform/default/dso_loader.cc:44] Successfully opened dynamic library libcusolver.so.10.0
2020-05-11 17:52:03.767333: I tensorflow/stream_executor/platform/default/dso_loader.cc:44] Successfully opened dynamic library libcusparse.so.10.0
2020-05-11 17:52:03.769658: I tensorflow/stream_executor/platform/default/dso_loader.cc:44] Successfully opened dynamic library libcudnn.so.7
2020-05-11 17:52:03.769754: I tensorflow/stream_executor/cuda/cuda_gpu_executor.cc:983] successful NUMA node read from SysFS had negative value (-1), but there must be at least one NUMA node, so returning NUMA node zero
2020-05-11 17:52:03.770094: I tensorflow/stream_executor/cuda/cuda_gpu_executor.cc:983] successful NUMA node read from SysFS had negative value (-1), but there must be at least one NUMA node, so returning NUMA node zero
2020-05-11 17:52:03.770354: I tensorflow/core/common_runtime/gpu/gpu_device.cc:1746] Adding visible gpu devices: 0
2020-05-11 17:52:03.770387: I tensorflow/stream_executor/platform/default/dso_loader.cc:44] Successfully opened dynamic library libcudart.so.10.0
2020-05-11 17:52:03.771161: I tensorflow/core/common_runtime/gpu/gpu_device.cc:1159] Device interconnect StreamExecutor with strength 1 edge matrix:
2020-05-11 17:52:03.771172: I tensorflow/core/common_runtime/gpu/gpu_device.cc:1165]      0 
2020-05-11 17:52:03.771177: I tensorflow/core/common_runtime/gpu/gpu_device.cc:1178] 0:   N 
2020-05-11 17:52:03.771252: I tensorflow/stream_executor/cuda/cuda_gpu_executor.cc:983] successful NUMA node read from SysFS had negative value (-1), but there must be at least one NUMA node, so returning NUMA node zero
2020-05-11 17:52:03.771549: I tensorflow/stream_executor/cuda/cuda_gpu_executor.cc:983] successful NUMA node read from SysFS had negative value (-1), but there must be at least one NUMA node, so returning NUMA node zero
2020-05-11 17:52:03.771824: I tensorflow/core/common_runtime/gpu/gpu_device.cc:1304] Created TensorFlow device (/job:localhost/replica:0/task:0/device:GPU:0 with 7468 MB memory) -> physical GPU (device: 0, name: GeForce RTX 2080, pci bus id: 0000:01:00.0, compute capability: 7.5)
[11/05/2020 17:52:03] From /home/annamar/nmtk/lib/python3.7/site-packages/keras/backend/tensorflow_backend.py:198: The name tf.global_variables is deprecated. Please use tf.compat.v1.global_variables instead.

[11/05/2020 17:52:03] From /home/annamar/nmtk/lib/python3.7/site-packages/keras/backend/tensorflow_backend.py:207: The name tf.is_variable_initialized is deprecated. Please use tf.compat.v1.is_variable_initialized instead.

[11/05/2020 17:52:03] From /home/annamar/nmtk/lib/python3.7/site-packages/keras/backend/tensorflow_backend.py:214: The name tf.variables_initializer is deprecated. Please use tf.compat.v1.variables_initializer instead.

[11/05/2020 17:52:04] <<< Loading optimized model... >>>
[11/05/2020 17:52:08] <<< Optimized model loaded. >>>
[11/05/2020 17:52:08] <<< Model loaded in 8.0847 seconds. >>>
[11/05/2020 17:52:08] <<< Storing corrected hypotheses into: ./../out.txt >>>
[11/05/2020 17:52:08] 

Processing sentence 1
[11/05/2020 17:52:08] Source: table of contents
[11/05/2020 17:52:08] Target: table des matières
2020-05-11 17:52:09.005153: I tensorflow/stream_executor/platform/default/dso_loader.cc:44] Successfully opened dynamic library libcublas.so.10.0
2020-05-11 17:52:09.138411: I tensorflow/stream_executor/platform/default/dso_loader.cc:44] Successfully opened dynamic library libcudnn.so.7
[11/05/2020 17:52:10] Hypo_0: table des matières
[11/05/2020 17:52:10] Final hypotesis: table des matières
[11/05/2020 17:52:10] 0 errors. Sentence WSR: 0.000000. Sentence mouse strokes: 1 Sentence MAR: 0.055556. Sentence MAR_c: 0.055556. Sentence KSMR: 0.055556. Accumulated (should only be considered for debugging purposes!) WSR: 0.000000. MAR: 0.333333. MAR_c: 0.055556. KSMR: 0.055556.




[11/05/2020 17:52:10] 

Processing sentence 2
[11/05/2020 17:52:10] Source: introducing centreware printer drivers for macintosh v
[11/05/2020 17:52:10] Target: présentation des pilotes d' imprimante centreware pour macintosh v
[11/05/2020 17:52:10] Hypo_0: présentation des pilotes d' imprimante centreware pour macintosh system v
[11/05/2020 17:52:10] to character 65.
[11/05/2020 17:52:10] ['présentation', 'des', 'pilotes', "d'", 'imprimante', 'centreware', 'pour']
[11/05/2020 17:52:10] ['de', '.', 'le', 'la', ',']
[11/05/2020 17:52:10] ['sur', 'si', 'système', 'sélectionnez', 'sélectionner']
[11/05/2020 17:52:10] Target: présentation des pilotes d' imprimante centreware pour macintosh v
[11/05/2020 17:52:10] Hypo_1: présentation des pilotes d' imprimante centreware pour macintosh system v
[11/05/2020 17:52:10] "v" to character 65.
[11/05/2020 17:52:10] Target: présentation des pilotes d' imprimante centreware pour macintosh v
[11/05/2020 17:52:10] Hypo_2: présentation des pilotes d' imprimante centreware pour macintosh voulez macintosh
[11/05/2020 17:52:10] Cutting hypothesis
[11/05/2020 17:52:10] Final hypotesis: présentation des pilotes d' imprimante centreware pour macintosh v
[11/05/2020 17:52:10] 3 errors. Sentence WSR: 0.045455. Sentence mouse strokes: 2 Sentence MAR: 0.030303. Sentence MAR_c: 0.030303. Sentence KSMR: 0.075758. Accumulated (should only be considered for debugging purposes!) WSR: 0.250000. MAR: 0.250000. MAR_c: 0.035714. KSMR: 0.071429.




[11/05/2020 17:52:10] 

Processing sentence 3
[11/05/2020 17:52:10] Source: centreware print and fax drivers vi
[11/05/2020 17:52:10] Target: pilotes d' imprimante et de télécopieur centreware vi
[11/05/2020 17:52:10] Hypo_0: pilotes d' imprimante et de télécopieur centreware i
[11/05/2020 17:52:10] to character 51.
[11/05/2020 17:52:10] ['pilotes', "d'", 'imprimante', 'et', 'de', 'télécopieur']
[11/05/2020 17:52:10] ['de', '.', 'le', 'la', ',']
[11/05/2020 17:52:10] ['impression', 'imprimante', 'il', 'informations', 'image']
[11/05/2020 17:52:10] Target: pilotes d' imprimante et de télécopieur centreware vi
[11/05/2020 17:52:10] Hypo_1: pilotes d' imprimante et de télécopieur centreware i
[11/05/2020 17:52:10] "v" to character 51.
[11/05/2020 17:52:10] Target: pilotes d' imprimante et de télécopieur centreware vi
[11/05/2020 17:52:10] Hypo_2: pilotes d' imprimante et de télécopieur centreware volets des
[11/05/2020 17:52:10] to character 52.
[11/05/2020 17:52:10] ['pilotes', "d'", 'imprimante', 'et', 'de', 'télécopieur', 'centreware']
[11/05/2020 17:52:10] ['vous', 'vers', 'votre', 'voir', 'verso']
[11/05/2020 17:52:10] ['ou', 'options', 'option', 'onglet', 'ok']
[11/05/2020 17:52:10] Target: pilotes d' imprimante et de télécopieur centreware vi
[11/05/2020 17:52:10] Hypo_3: pilotes d' imprimante et de télécopieur centreware volets des
[11/05/2020 17:52:10] "i" to character 52.
[11/05/2020 17:52:10] Target: pilotes d' imprimante et de télécopieur centreware vi
[11/05/2020 17:52:10] Hypo_4: pilotes d' imprimante et de télécopieur centreware vi .
[11/05/2020 17:52:10] Cutting hypothesis
[11/05/2020 17:52:10] Final hypotesis: pilotes d' imprimante et de télécopieur centreware vi
[11/05/2020 17:52:10] 5 errors. Sentence WSR: 0.094340. Sentence mouse strokes: 2 Sentence MAR: 0.037736. Sentence MAR_c: 0.037736. Sentence KSMR: 0.132075. Accumulated (should only be considered for debugging purposes!) WSR: 0.400000. MAR: 0.250000. MAR_c: 0.036496. KSMR: 0.094891.




[11/05/2020 17:52:10] 

Processing sentence 4
[11/05/2020 17:52:10] Source: fax phonebook vi
[11/05/2020 17:52:10] Target: répertoire téléphonique vi
[11/05/2020 17:52:10] Hypo_0: répertoire téléphonique 6-2
[11/05/2020 17:52:10] to character 24.
[11/05/2020 17:52:10] ['répertoire']
[11/05/2020 17:52:10] ['de', '.', 'le', 'la', ',']
[11/05/2020 17:52:10] ['6', '65', '60', '600', '6-2']
[11/05/2020 17:52:10] Target: répertoire téléphonique vi
[11/05/2020 17:52:10] Hypo_1: répertoire téléphonique 6-2 ,
[11/05/2020 17:52:10] "v" to character 24.
[11/05/2020 17:52:10] Target: répertoire téléphonique vi
[11/05/2020 17:52:10] Hypo_2: répertoire téléphonique voi
[11/05/2020 17:52:10] to character 25.
[11/05/2020 17:52:10] ['répertoire', 'téléphonique']
[11/05/2020 17:52:10] ['vous', 'vers', 'votre', 'voir', 'verso']
[11/05/2020 17:52:10] ['ou', 'options', 'option', 'onglet', 'ok']
[11/05/2020 17:52:10] Target: répertoire téléphonique vi
[11/05/2020 17:52:10] Hypo_3: répertoire téléphonique voi
[11/05/2020 17:52:10] "i" to character 25.
[11/05/2020 17:52:10] Target: répertoire téléphonique vi
[11/05/2020 17:52:10] Hypo_4: répertoire téléphonique vi i
[11/05/2020 17:52:10] Cutting hypothesis
[11/05/2020 17:52:10] Final hypotesis: répertoire téléphonique vi
[11/05/2020 17:52:10] 5 errors. Sentence WSR: 0.192308. Sentence mouse strokes: 2 Sentence MAR: 0.076923. Sentence MAR_c: 0.076923. Sentence KSMR: 0.269231. Accumulated (should only be considered for debugging purposes!) WSR: 0.565217. MAR: 0.304348. MAR_c: 0.042945. KSMR: 0.122699.




[11/05/2020 17:52:10] 

Processing sentence 5
[11/05/2020 17:52:10] Source: macintosh printer utility vi
[11/05/2020 17:52:10] Target: utilitaire d' impression pour macintosh vi
[11/05/2020 17:52:10] Hypo_0: utilitaire d' impression pour macintosh i
[11/05/2020 17:52:10] to character 40.
[11/05/2020 17:52:10] ['utilitaire', "d'", 'impression', 'pour']
[11/05/2020 17:52:10] ['de', '.', 'le', 'la', ',']
[11/05/2020 17:52:10] ['impression', 'imprimante', 'il', 'informations', 'image']
[11/05/2020 17:52:11] Target: utilitaire d' impression pour macintosh vi
[11/05/2020 17:52:11] Hypo_1: utilitaire d' impression pour macintosh i
[11/05/2020 17:52:11] "v" to character 40.
[11/05/2020 17:52:11] Target: utilitaire d' impression pour macintosh vi
[11/05/2020 17:52:11] Hypo_2: utilitaire d' impression pour macintosh vers l' imprimante i
[11/05/2020 17:52:11] to character 41.
[11/05/2020 17:52:11] ['utilitaire', "d'", 'impression', 'pour', 'macintosh']
[11/05/2020 17:52:11] ['vous', 'vers', 'votre', 'voir', 'verso']
[11/05/2020 17:52:11] ['vers', 'verso', 'version', 'veille', 'versions']
[11/05/2020 17:52:11] Target: utilitaire d' impression pour macintosh vi
[11/05/2020 17:52:11] Hypo_3: utilitaire d' impression pour macintosh voyant i
[11/05/2020 17:52:11] "i" to character 41.
[11/05/2020 17:52:11] Target: utilitaire d' impression pour macintosh vi
[11/05/2020 17:52:11] Hypo_4: utilitaire d' impression pour macintosh vis macintosh i
[11/05/2020 17:52:11] Cutting hypothesis
[11/05/2020 17:52:11] Final hypotesis: utilitaire d' impression pour macintosh vi
[11/05/2020 17:52:11] 5 errors. Sentence WSR: 0.119048. Sentence mouse strokes: 2 Sentence MAR: 0.047619. Sentence MAR_c: 0.047619. Sentence KSMR: 0.166667. Accumulated (should only be considered for debugging purposes!) WSR: 0.620690. MAR: 0.310345. MAR_c: 0.043902. KSMR: 0.131707.




[11/05/2020 17:52:11] 

Processing sentence 6
[11/05/2020 17:52:11] Source: centreware printer driver support vii
[11/05/2020 17:52:11] Target: assistance centreware vii
[11/05/2020 17:52:11] Hypo_0: assistance pilote d' imprimante centreware vii
[11/05/2020 17:52:11] to character 11.
[11/05/2020 17:52:11] []
[11/05/2020 17:52:11] ['de', '.', 'le', 'la', ',']
[11/05/2020 17:52:11] ['pour', 'papier', 'par', 'pas', 'page']
[11/05/2020 17:52:11] Target: assistance centreware vii
[11/05/2020 17:52:11] Hypo_1: assistance pilote d' imprimante centreware vii
[11/05/2020 17:52:11] "c" to character 11.
[11/05/2020 17:52:11] Target: assistance centreware vii
[11/05/2020 17:52:11] Hypo_2: assistance centreware prennent en charge vii
[11/05/2020 17:52:11] to character 22.
[11/05/2020 17:52:11] ['assistance']
[11/05/2020 17:52:11] ['de', '.', 'le', 'la', ',']
[11/05/2020 17:52:11] ['pour', 'papier', 'par', 'pas', 'page']
[11/05/2020 17:52:11] Target: assistance centreware vii
[11/05/2020 17:52:11] Hypo_3: assistance du pilote d' imprimante centreware vii
[11/05/2020 17:52:11] "c" to character 11.
[11/05/2020 17:52:11] Target: assistance centreware vii
[11/05/2020 17:52:11] Hypo_4: assistance centreware prennent en charge vii
[11/05/2020 17:52:11] to character 22.
[11/05/2020 17:52:11] ['assistance']
[11/05/2020 17:52:11] ['de', '.', 'le', 'la', ',']
[11/05/2020 17:52:11] ['pour', 'papier', 'par', 'pas', 'page']
[11/05/2020 17:52:11] Target: assistance centreware vii
[11/05/2020 17:52:11] Hypo_5: assistance du pilote d' imprimante centreware vii
[11/05/2020 17:52:11] "c" to character 11.
[11/05/2020 17:52:11] Target: assistance centreware vii
[11/05/2020 17:52:11] Hypo_6: assistance centreware prennent en charge vii
[11/05/2020 17:52:11] to character 22.
[11/05/2020 17:52:11] ['assistance']
[11/05/2020 17:52:11] ['de', '.', 'le', 'la', ',']
[11/05/2020 17:52:11] ['pour', 'papier', 'par', 'pas', 'page']
[11/05/2020 17:52:11] Target: assistance centreware vii
[11/05/2020 17:52:11] Hypo_7: assistance du pilote d' imprimante centreware vii
[11/05/2020 17:52:11] "c" to character 11.
[11/05/2020 17:52:11] Target: assistance centreware vii
[11/05/2020 17:52:11] Hypo_8: assistance centreware prennent en charge vii
[11/05/2020 17:52:11] to character 22.
[11/05/2020 17:52:11] ['assistance']
[11/05/2020 17:52:11] ['de', '.', 'le', 'la', ',']
[11/05/2020 17:52:11] ['pour', 'papier', 'par', 'pas', 'page']
[11/05/2020 17:52:11] Target: assistance centreware vii
[11/05/2020 17:52:11] Hypo_9: assistance du pilote d' imprimante centreware vii
[11/05/2020 17:52:11] "c" to character 11.
[11/05/2020 17:52:11] Target: assistance centreware vii
[11/05/2020 17:52:11] Hypo_10: assistance centreware prennent en charge vii
[11/05/2020 17:52:11] to character 22.
[11/05/2020 17:52:11] ['assistance']
[11/05/2020 17:52:11] ['de', '.', 'le', 'la', ',']
[11/05/2020 17:52:11] ['pour', 'papier', 'par', 'pas', 'page']
[11/05/2020 17:52:12] Target: assistance centreware vii
[11/05/2020 17:52:12] Hypo_11: assistance du pilote d' imprimante centreware vii
[11/05/2020 17:52:12] "c" to character 11.
[11/05/2020 17:52:12] Target: assistance centreware vii
[11/05/2020 17:52:12] Hypo_12: assistance centreware prennent en charge vii
[11/05/2020 17:52:12] to character 22.
[11/05/2020 17:52:12] ['assistance']
[11/05/2020 17:52:12] ['de', '.', 'le', 'la', ',']
[11/05/2020 17:52:12] ['pour', 'papier', 'par', 'pas', 'page']
[11/05/2020 17:52:12] Target: assistance centreware vii
[11/05/2020 17:52:12] Hypo_13: assistance du pilote d' imprimante centreware vii
[11/05/2020 17:52:12] "c" to character 11.
[11/05/2020 17:52:12] Target: assistance centreware vii
[11/05/2020 17:52:12] Hypo_14: assistance centreware prennent en charge vii
[11/05/2020 17:52:12] to character 22.
[11/05/2020 17:52:12] ['assistance']
[11/05/2020 17:52:12] ['de', '.', 'le', 'la', ',']
[11/05/2020 17:52:12] ['pour', 'papier', 'par', 'pas', 'page']
[11/05/2020 17:52:12] Target: assistance centreware vii
[11/05/2020 17:52:12] Hypo_15: assistance du pilote d' imprimante centreware vii
[11/05/2020 17:52:12] "c" to character 11.
[11/05/2020 17:52:12] Target: assistance centreware vii
[11/05/2020 17:52:12] Hypo_16: assistance centreware prennent en charge vii
[11/05/2020 17:52:12] to character 22.
[11/05/2020 17:52:12] ['assistance']
[11/05/2020 17:52:12] ['de', '.', 'le', 'la', ',']
[11/05/2020 17:52:12] ['pour', 'papier', 'par', 'pas', 'page']
[11/05/2020 17:52:12] Target: assistance centreware vii
[11/05/2020 17:52:12] Hypo_17: assistance du pilote d' imprimante centreware vii
[11/05/2020 17:52:12] "c" to character 11.
[11/05/2020 17:52:12] Target: assistance centreware vii
[11/05/2020 17:52:12] Hypo_18: assistance centreware prennent en charge vii
[11/05/2020 17:52:12] to character 22.
[11/05/2020 17:52:12] ['assistance']
[11/05/2020 17:52:12] ['de', '.', 'le', 'la', ',']
[11/05/2020 17:52:12] ['pour', 'papier', 'par', 'pas', 'page']
[11/05/2020 17:52:12] Target: assistance centreware vii
[11/05/2020 17:52:12] Hypo_19: assistance du pilote d' imprimante centreware vii
[11/05/2020 17:52:12] "c" to character 11.
[11/05/2020 17:52:12] Target: assistance centreware vii
[11/05/2020 17:52:12] Hypo_20: assistance centreware prennent en charge vii
[11/05/2020 17:52:12] to character 22.
[11/05/2020 17:52:12] ['assistance']
[11/05/2020 17:52:12] ['de', '.', 'le', 'la', ',']
[11/05/2020 17:52:12] ['pour', 'papier', 'par', 'pas', 'page']
[11/05/2020 17:52:12] Target: assistance centreware vii
[11/05/2020 17:52:12] Hypo_21: assistance du pilote d' imprimante centreware vii
[11/05/2020 17:52:12] "c" to character 11.
[11/05/2020 17:52:12] Target: assistance centreware vii
[11/05/2020 17:52:12] Hypo_22: assistance centreware prennent en charge vii
[11/05/2020 17:52:12] to character 22.
[11/05/2020 17:52:12] ['assistance']
[11/05/2020 17:52:12] ['de', '.', 'le', 'la', ',']
[11/05/2020 17:52:12] ['pour', 'papier', 'par', 'pas', 'page']
[11/05/2020 17:52:12] Target: assistance centreware vii
[11/05/2020 17:52:12] Hypo_23: assistance du pilote d' imprimante centreware vii
[11/05/2020 17:52:12] "c" to character 11.
[11/05/2020 17:52:12] Target: assistance centreware vii
[11/05/2020 17:52:12] Hypo_24: assistance centreware prennent en charge vii
[11/05/2020 17:52:12] to character 22.
[11/05/2020 17:52:12] ['assistance']
[11/05/2020 17:52:12] ['de', '.', 'le', 'la', ',']
[11/05/2020 17:52:12] ['pour', 'papier', 'par', 'pas', 'page']
[11/05/2020 17:52:13] Target: assistance centreware vii
[11/05/2020 17:52:13] Hypo_25: assistance du pilote d' imprimante centreware vii
[11/05/2020 17:52:13] "c" to character 11.
[11/05/2020 17:52:13] Target: assistance centreware vii
[11/05/2020 17:52:13] Hypo_26: assistance centreware prennent en charge vii
[11/05/2020 17:52:13] to character 22.
[11/05/2020 17:52:13] ['assistance']
[11/05/2020 17:52:13] ['de', '.', 'le', 'la', ',']
[11/05/2020 17:52:13] ['pour', 'papier', 'par', 'pas', 'page']
[11/05/2020 17:52:13] Target: assistance centreware vii
[11/05/2020 17:52:13] Hypo_27: assistance du pilote d' imprimante centreware vii
[11/05/2020 17:52:13] "c" to character 11.
[11/05/2020 17:52:13] Target: assistance centreware vii
[11/05/2020 17:52:13] Hypo_28: assistance centreware prennent en charge vii
[11/05/2020 17:52:13] to character 22.
[11/05/2020 17:52:13] ['assistance']
[11/05/2020 17:52:13] ['de', '.', 'le', 'la', ',']
[11/05/2020 17:52:13] ['pour', 'papier', 'par', 'pas', 'page']
[11/05/2020 17:52:13] Target: assistance centreware vii
[11/05/2020 17:52:13] Hypo_29: assistance du pilote d' imprimante centreware vii
[11/05/2020 17:52:13] "c" to character 11.
[11/05/2020 17:52:13] Target: assistance centreware vii
[11/05/2020 17:52:13] Hypo_30: assistance centreware prennent en charge vii
[11/05/2020 17:52:13] to character 22.
[11/05/2020 17:52:13] ['assistance']
[11/05/2020 17:52:13] ['de', '.', 'le', 'la', ',']
[11/05/2020 17:52:13] ['pour', 'papier', 'par', 'pas', 'page']
[11/05/2020 17:52:13] Target: assistance centreware vii
[11/05/2020 17:52:13] Hypo_31: assistance du pilote d' imprimante centreware vii
[11/05/2020 17:52:13] "c" to character 11.
[11/05/2020 17:52:13] Target: assistance centreware vii
[11/05/2020 17:52:13] Hypo_32: assistance centreware prennent en charge vii
[11/05/2020 17:52:13] to character 22.
[11/05/2020 17:52:13] ['assistance']
[11/05/2020 17:52:13] ['de', '.', 'le', 'la', ',']
[11/05/2020 17:52:13] ['pour', 'papier', 'par', 'pas', 'page']
[11/05/2020 17:52:13] Target: assistance centreware vii
[11/05/2020 17:52:13] Hypo_33: assistance du pilote d' imprimante centreware vii
[11/05/2020 17:52:13] "c" to character 11.
[11/05/2020 17:52:13] Target: assistance centreware vii
[11/05/2020 17:52:13] Hypo_34: assistance centreware prennent en charge vii
[11/05/2020 17:52:13] to character 22.
[11/05/2020 17:52:13] ['assistance']
[11/05/2020 17:52:13] ['de', '.', 'le', 'la', ',']
[11/05/2020 17:52:13] ['pour', 'papier', 'par', 'pas', 'page']
[11/05/2020 17:52:13] Target: assistance centreware vii
[11/05/2020 17:52:13] Hypo_35: assistance du pilote d' imprimante centreware vii
[11/05/2020 17:52:13] "c" to character 11.
[11/05/2020 17:52:13] Target: assistance centreware vii
[11/05/2020 17:52:13] Hypo_36: assistance centreware prennent en charge vii
[11/05/2020 17:52:13] to character 22.
[11/05/2020 17:52:13] ['assistance']
[11/05/2020 17:52:13] ['de', '.', 'le', 'la', ',']
[11/05/2020 17:52:13] ['pour', 'papier', 'par', 'pas', 'page']
[11/05/2020 17:52:13] Target: assistance centreware vii
[11/05/2020 17:52:13] Hypo_37: assistance du pilote d' imprimante centreware vii
[11/05/2020 17:52:13] "c" to character 11.
[11/05/2020 17:52:14] Target: assistance centreware vii
[11/05/2020 17:52:14] Hypo_38: assistance centreware prennent en charge vii
[11/05/2020 17:52:14] to character 22.
[11/05/2020 17:52:14] ['assistance']
[11/05/2020 17:52:14] ['de', '.', 'le', 'la', ',']
[11/05/2020 17:52:14] ['pour', 'papier', 'par', 'pas', 'page']
[11/05/2020 17:52:14] Target: assistance centreware vii
[11/05/2020 17:52:14] Hypo_39: assistance du pilote d' imprimante centreware vii
[11/05/2020 17:52:14] "c" to character 11.
[11/05/2020 17:52:14] Target: assistance centreware vii
[11/05/2020 17:52:14] Hypo_40: assistance centreware prennent en charge vii
[11/05/2020 17:52:14] to character 22.
[11/05/2020 17:52:14] ['assistance']
[11/05/2020 17:52:14] ['de', '.', 'le', 'la', ',']
[11/05/2020 17:52:14] ['pour', 'papier', 'par', 'pas', 'page']
[11/05/2020 17:52:14] Target: assistance centreware vii
[11/05/2020 17:52:14] Hypo_41: assistance du pilote d' imprimante centreware vii
[11/05/2020 17:52:14] "c" to character 11.
[11/05/2020 17:52:14] Target: assistance centreware vii
[11/05/2020 17:52:14] Hypo_42: assistance centreware prennent en charge vii
[11/05/2020 17:52:14] to character 22.
[11/05/2020 17:52:14] ['assistance']
[11/05/2020 17:52:14] ['de', '.', 'le', 'la', ',']
[11/05/2020 17:52:14] ['pour', 'papier', 'par', 'pas', 'page']
[11/05/2020 17:52:14] Target: assistance centreware vii
[11/05/2020 17:52:14] Hypo_43: assistance du pilote d' imprimante centreware vii
[11/05/2020 17:52:14] "c" to character 11.
[11/05/2020 17:52:14] Target: assistance centreware vii
[11/05/2020 17:52:14] Hypo_44: assistance centreware prennent en charge vii
[11/05/2020 17:52:14] to character 22.
[11/05/2020 17:52:14] ['assistance']
[11/05/2020 17:52:14] ['de', '.', 'le', 'la', ',']
[11/05/2020 17:52:14] ['pour', 'papier', 'par', 'pas', 'page']
[11/05/2020 17:52:14] Target: assistance centreware vii
[11/05/2020 17:52:14] Hypo_45: assistance du pilote d' imprimante centreware vii
[11/05/2020 17:52:14] "c" to character 11.
[11/05/2020 17:52:14] Target: assistance centreware vii
[11/05/2020 17:52:14] Hypo_46: assistance centreware prennent en charge vii
[11/05/2020 17:52:14] to character 22.
[11/05/2020 17:52:14] ['assistance']
[11/05/2020 17:52:14] ['de', '.', 'le', 'la', ',']
[11/05/2020 17:52:14] ['pour', 'papier', 'par', 'pas', 'page']
[11/05/2020 17:52:14] Target: assistance centreware vii
[11/05/2020 17:52:14] Hypo_47: assistance du pilote d' imprimante centreware vii
[11/05/2020 17:52:14] "c" to character 11.
[11/05/2020 17:52:14] Target: assistance centreware vii
[11/05/2020 17:52:14] Hypo_48: assistance centreware prennent en charge vii
[11/05/2020 17:52:14] to character 22.
[11/05/2020 17:52:14] ['assistance']
[11/05/2020 17:52:14] ['de', '.', 'le', 'la', ',']
[11/05/2020 17:52:14] ['pour', 'papier', 'par', 'pas', 'page']
[11/05/2020 17:52:14] Target: assistance centreware vii
[11/05/2020 17:52:14] Hypo_49: assistance du pilote d' imprimante centreware vii
[11/05/2020 17:52:14] "c" to character 11.
[11/05/2020 17:52:15] Target: assistance centreware vii
[11/05/2020 17:52:15] Hypo_50: assistance centreware prennent en charge vii
[11/05/2020 17:52:15] to character 22.
[11/05/2020 17:52:15] ['assistance']
[11/05/2020 17:52:15] ['de', '.', 'le', 'la', ',']
[11/05/2020 17:52:15] ['pour', 'papier', 'par', 'pas', 'page']
[11/05/2020 17:52:15] Target: assistance centreware vii
[11/05/2020 17:52:15] Hypo_51: assistance du pilote d' imprimante centreware vii
[11/05/2020 17:52:15] "c" to character 11.
[11/05/2020 17:52:15] Target: assistance centreware vii
[11/05/2020 17:52:15] Hypo_52: assistance centreware prennent en charge vii
[11/05/2020 17:52:15] to character 22.
[11/05/2020 17:52:15] ['assistance']
[11/05/2020 17:52:15] ['de', '.', 'le', 'la', ',']
[11/05/2020 17:52:15] ['pour', 'papier', 'par', 'pas', 'page']
[11/05/2020 17:52:15] Target: assistance centreware vii
[11/05/2020 17:52:15] Hypo_53: assistance du pilote d' imprimante centreware vii
[11/05/2020 17:52:15] "c" to character 11.
[11/05/2020 17:52:15] Target: assistance centreware vii
[11/05/2020 17:52:15] Hypo_54: assistance centreware prennent en charge vii
[11/05/2020 17:52:15] to character 22.
[11/05/2020 17:52:15] ['assistance']
[11/05/2020 17:52:15] ['de', '.', 'le', 'la', ',']
[11/05/2020 17:52:15] ['pour', 'papier', 'par', 'pas', 'page']
[11/05/2020 17:52:15] Target: assistance centreware vii
[11/05/2020 17:52:15] Hypo_55: assistance du pilote d' imprimante centreware vii
[11/05/2020 17:52:15] "c" to character 11.
[11/05/2020 17:52:15] Target: assistance centreware vii
[11/05/2020 17:52:15] Hypo_56: assistance centreware prennent en charge vii
[11/05/2020 17:52:15] to character 22.
[11/05/2020 17:52:15] ['assistance']
[11/05/2020 17:52:15] ['de', '.', 'le', 'la', ',']
[11/05/2020 17:52:15] ['pour', 'papier', 'par', 'pas', 'page']
[11/05/2020 17:52:15] Target: assistance centreware vii
[11/05/2020 17:52:15] Hypo_57: assistance du pilote d' imprimante centreware vii
[11/05/2020 17:52:15] "c" to character 11.
[11/05/2020 17:52:15] Target: assistance centreware vii
[11/05/2020 17:52:15] Hypo_58: assistance centreware prennent en charge vii
[11/05/2020 17:52:15] to character 22.
[11/05/2020 17:52:15] ['assistance']
[11/05/2020 17:52:15] ['de', '.', 'le', 'la', ',']
[11/05/2020 17:52:15] ['pour', 'papier', 'par', 'pas', 'page']
[11/05/2020 17:52:15] Target: assistance centreware vii
[11/05/2020 17:52:15] Hypo_59: assistance du pilote d' imprimante centreware vii
[11/05/2020 17:52:15] "c" to character 11.
[11/05/2020 17:52:15] Target: assistance centreware vii
[11/05/2020 17:52:15] Hypo_60: assistance centreware prennent en charge vii
[11/05/2020 17:52:15] to character 22.
[11/05/2020 17:52:15] ['assistance']
[11/05/2020 17:52:15] ['de', '.', 'le', 'la', ',']
[11/05/2020 17:52:15] ['pour', 'papier', 'par', 'pas', 'page']
[11/05/2020 17:52:15] Target: assistance centreware vii
[11/05/2020 17:52:15] Hypo_61: assistance du pilote d' imprimante centreware vii
[11/05/2020 17:52:15] "c" to character 11.
[11/05/2020 17:52:15] Target: assistance centreware vii
[11/05/2020 17:52:15] Hypo_62: assistance centreware prennent en charge vii
[11/05/2020 17:52:15] to character 22.
[11/05/2020 17:52:15] ['assistance']
[11/05/2020 17:52:15] ['de', '.', 'le', 'la', ',']
[11/05/2020 17:52:15] ['pour', 'papier', 'par', 'pas', 'page']
[11/05/2020 17:52:15] Target: assistance centreware vii
[11/05/2020 17:52:15] Hypo_63: assistance du pilote d' imprimante centreware vii
[11/05/2020 17:52:15] "c" to character 11.
[11/05/2020 17:52:16] Target: assistance centreware vii
[11/05/2020 17:52:16] Hypo_64: assistance centreware prennent en charge vii
[11/05/2020 17:52:16] to character 22.
[11/05/2020 17:52:16] ['assistance']
[11/05/2020 17:52:16] ['de', '.', 'le', 'la', ',']
[11/05/2020 17:52:16] ['pour', 'papier', 'par', 'pas', 'page']
[11/05/2020 17:52:16] Target: assistance centreware vii
[11/05/2020 17:52:16] Hypo_65: assistance du pilote d' imprimante centreware vii
[11/05/2020 17:52:16] "c" to character 11.
[11/05/2020 17:52:16] Target: assistance centreware vii
[11/05/2020 17:52:16] Hypo_66: assistance centreware prennent en charge vii
[11/05/2020 17:52:16] to character 22.
[11/05/2020 17:52:16] ['assistance']
[11/05/2020 17:52:16] ['de', '.', 'le', 'la', ',']
[11/05/2020 17:52:16] ['pour', 'papier', 'par', 'pas', 'page']
[11/05/2020 17:52:16] Target: assistance centreware vii
[11/05/2020 17:52:16] Hypo_67: assistance du pilote d' imprimante centreware vii
[11/05/2020 17:52:16] "c" to character 11.
[11/05/2020 17:52:16] Target: assistance centreware vii
[11/05/2020 17:52:16] Hypo_68: assistance centreware prennent en charge vii
[11/05/2020 17:52:16] to character 22.
[11/05/2020 17:52:16] ['assistance']
[11/05/2020 17:52:16] ['de', '.', 'le', 'la', ',']
[11/05/2020 17:52:16] ['pour', 'papier', 'par', 'pas', 'page']
[11/05/2020 17:52:16] Target: assistance centreware vii
[11/05/2020 17:52:16] Hypo_69: assistance du pilote d' imprimante centreware vii
[11/05/2020 17:52:16] "c" to character 11.
[11/05/2020 17:52:16] Target: assistance centreware vii
[11/05/2020 17:52:16] Hypo_70: assistance centreware prennent en charge vii
[11/05/2020 17:52:16] to character 22.
[11/05/2020 17:52:16] ['assistance']
[11/05/2020 17:52:16] ['de', '.', 'le', 'la', ',']
[11/05/2020 17:52:16] ['pour', 'papier', 'par', 'pas', 'page']
[11/05/2020 17:52:16] Target: assistance centreware vii
[11/05/2020 17:52:16] Hypo_71: assistance du pilote d' imprimante centreware vii
[11/05/2020 17:52:16] "c" to character 11.
[11/05/2020 17:52:16] Target: assistance centreware vii
[11/05/2020 17:52:16] Hypo_72: assistance centreware prennent en charge vii
[11/05/2020 17:52:16] to character 22.
[11/05/2020 17:52:16] ['assistance']
[11/05/2020 17:52:16] ['de', '.', 'le', 'la', ',']
[11/05/2020 17:52:16] ['pour', 'papier', 'par', 'pas', 'page']
[11/05/2020 17:52:16] Target: assistance centreware vii
[11/05/2020 17:52:16] Hypo_73: assistance du pilote d' imprimante centreware vii
[11/05/2020 17:52:16] "c" to character 11.
[11/05/2020 17:52:16] Target: assistance centreware vii
[11/05/2020 17:52:16] Hypo_74: assistance centreware prennent en charge vii
[11/05/2020 17:52:16] to character 22.
[11/05/2020 17:52:16] ['assistance']
[11/05/2020 17:52:16] ['de', '.', 'le', 'la', ',']
[11/05/2020 17:52:16] ['pour', 'papier', 'par', 'pas', 'page']
[11/05/2020 17:52:16] Target: assistance centreware vii
[11/05/2020 17:52:16] Hypo_75: assistance du pilote d' imprimante centreware vii
[11/05/2020 17:52:16] "c" to character 11.
[11/05/2020 17:52:16] Target: assistance centreware vii
[11/05/2020 17:52:16] Hypo_76: assistance centreware prennent en charge vii
[11/05/2020 17:52:16] to character 22.
[11/05/2020 17:52:16] ['assistance']
[11/05/2020 17:52:16] ['de', '.', 'le', 'la', ',']
[11/05/2020 17:52:16] ['pour', 'papier', 'par', 'pas', 'page']
[11/05/2020 17:52:16] Target: assistance centreware vii
[11/05/2020 17:52:16] Hypo_77: assistance du pilote d' imprimante centreware vii
[11/05/2020 17:52:16] "c" to character 11.
[11/05/2020 17:52:17] Target: assistance centreware vii
[11/05/2020 17:52:17] Hypo_78: assistance centreware prennent en charge vii
[11/05/2020 17:52:17] to character 22.
[11/05/2020 17:52:17] ['assistance']
[11/05/2020 17:52:17] ['de', '.', 'le', 'la', ',']
[11/05/2020 17:52:17] ['pour', 'papier', 'par', 'pas', 'page']
[11/05/2020 17:52:17] Target: assistance centreware vii
[11/05/2020 17:52:17] Hypo_79: assistance du pilote d' imprimante centreware vii
[11/05/2020 17:52:17] "c" to character 11.
[11/05/2020 17:52:17] Target: assistance centreware vii
[11/05/2020 17:52:17] Hypo_80: assistance centreware prennent en charge vii
[11/05/2020 17:52:17] to character 22.
[11/05/2020 17:52:17] ['assistance']
[11/05/2020 17:52:17] ['de', '.', 'le', 'la', ',']
[11/05/2020 17:52:17] ['pour', 'papier', 'par', 'pas', 'page']
[11/05/2020 17:52:17] Target: assistance centreware vii
[11/05/2020 17:52:17] Hypo_81: assistance du pilote d' imprimante centreware vii
[11/05/2020 17:52:17] "c" to character 11.
[11/05/2020 17:52:17] Target: assistance centreware vii
[11/05/2020 17:52:17] Hypo_82: assistance centreware prennent en charge vii
[11/05/2020 17:52:17] to character 22.
[11/05/2020 17:52:17] ['assistance']
[11/05/2020 17:52:17] ['de', '.', 'le', 'la', ',']
[11/05/2020 17:52:17] ['pour', 'papier', 'par', 'pas', 'page']
[11/05/2020 17:52:17] Target: assistance centreware vii
[11/05/2020 17:52:17] Hypo_83: assistance du pilote d' imprimante centreware vii
[11/05/2020 17:52:17] "c" to character 11.
[11/05/2020 17:52:17] Target: assistance centreware vii
[11/05/2020 17:52:17] Hypo_84: assistance centreware prennent en charge vii
[11/05/2020 17:52:17] to character 22.
[11/05/2020 17:52:17] ['assistance']
[11/05/2020 17:52:17] ['de', '.', 'le', 'la', ',']
[11/05/2020 17:52:17] ['pour', 'papier', 'par', 'pas', 'page']
[11/05/2020 17:52:17] Target: assistance centreware vii
[11/05/2020 17:52:17] Hypo_85: assistance du pilote d' imprimante centreware vii
[11/05/2020 17:52:17] "c" to character 11.
[11/05/2020 17:52:17] Target: assistance centreware vii
[11/05/2020 17:52:17] Hypo_86: assistance centreware prennent en charge vii
[11/05/2020 17:52:17] to character 22.
[11/05/2020 17:52:17] ['assistance']
[11/05/2020 17:52:17] ['de', '.', 'le', 'la', ',']
[11/05/2020 17:52:17] ['pour', 'papier', 'par', 'pas', 'page']
[11/05/2020 17:52:17] Target: assistance centreware vii
[11/05/2020 17:52:17] Hypo_87: assistance du pilote d' imprimante centreware vii
[11/05/2020 17:52:17] "c" to character 11.
[11/05/2020 17:52:17] Target: assistance centreware vii
[11/05/2020 17:52:17] Hypo_88: assistance centreware prennent en charge vii
[11/05/2020 17:52:17] to character 22.
[11/05/2020 17:52:17] ['assistance']
[11/05/2020 17:52:17] ['de', '.', 'le', 'la', ',']
[11/05/2020 17:52:17] ['pour', 'papier', 'par', 'pas', 'page']
[11/05/2020 17:52:17] Target: assistance centreware vii
[11/05/2020 17:52:17] Hypo_89: assistance du pilote d' imprimante centreware vii
[11/05/2020 17:52:17] "c" to character 11.
[11/05/2020 17:52:17] Target: assistance centreware vii
[11/05/2020 17:52:17] Hypo_90: assistance centreware prennent en charge vii
[11/05/2020 17:52:17] to character 22.
[11/05/2020 17:52:17] ['assistance']
[11/05/2020 17:52:17] ['de', '.', 'le', 'la', ',']
[11/05/2020 17:52:17] ['pour', 'papier', 'par', 'pas', 'page']
[11/05/2020 17:52:17] Target: assistance centreware vii
[11/05/2020 17:52:17] Hypo_91: assistance du pilote d' imprimante centreware vii
[11/05/2020 17:52:17] "c" to character 11.
[11/05/2020 17:52:18] Target: assistance centreware vii
[11/05/2020 17:52:18] Hypo_92: assistance centreware prennent en charge vii
[11/05/2020 17:52:18] to character 22.
[11/05/2020 17:52:18] ['assistance']
[11/05/2020 17:52:18] ['de', '.', 'le', 'la', ',']
[11/05/2020 17:52:18] ['pour', 'papier', 'par', 'pas', 'page']
[11/05/2020 17:52:18] Target: assistance centreware vii
[11/05/2020 17:52:18] Hypo_93: assistance du pilote d' imprimante centreware vii
[11/05/2020 17:52:18] "c" to character 11.
[11/05/2020 17:52:18] Target: assistance centreware vii
[11/05/2020 17:52:18] Hypo_94: assistance centreware prennent en charge vii
[11/05/2020 17:52:18] to character 22.
[11/05/2020 17:52:18] ['assistance']
[11/05/2020 17:52:18] ['de', '.', 'le', 'la', ',']
[11/05/2020 17:52:18] ['pour', 'papier', 'par', 'pas', 'page']
[11/05/2020 17:52:18] Target: assistance centreware vii
[11/05/2020 17:52:18] Hypo_95: assistance du pilote d' imprimante centreware vii
[11/05/2020 17:52:18] "c" to character 11.
[11/05/2020 17:52:18] Target: assistance centreware vii
[11/05/2020 17:52:18] Hypo_96: assistance centreware prennent en charge vii
[11/05/2020 17:52:18] to character 22.
[11/05/2020 17:52:18] ['assistance']
[11/05/2020 17:52:18] ['de', '.', 'le', 'la', ',']
[11/05/2020 17:52:18] ['pour', 'papier', 'par', 'pas', 'page']
[11/05/2020 17:52:18] Target: assistance centreware vii
[11/05/2020 17:52:18] Hypo_97: assistance du pilote d' imprimante centreware vii
[11/05/2020 17:52:18] "c" to character 11.
[11/05/2020 17:52:18] Target: assistance centreware vii
[11/05/2020 17:52:18] Hypo_98: assistance centreware prennent en charge vii
[11/05/2020 17:52:18] to character 22.
[11/05/2020 17:52:18] ['assistance']
[11/05/2020 17:52:18] ['de', '.', 'le', 'la', ',']
[11/05/2020 17:52:18] ['pour', 'papier', 'par', 'pas', 'page']
[11/05/2020 17:52:18] Target: assistance centreware vii
[11/05/2020 17:52:18] Hypo_99: assistance du pilote d' imprimante centreware vii
[11/05/2020 17:52:18] "c" to character 11.
[11/05/2020 17:52:18] Target: assistance centreware vii
[11/05/2020 17:52:18] Hypo_100: assistance centreware prennent en charge vii
[11/05/2020 17:52:18] to character 22.
[11/05/2020 17:52:18] ['assistance']
[11/05/2020 17:52:18] ['de', '.', 'le', 'la', ',']
[11/05/2020 17:52:18] ['pour', 'papier', 'par', 'pas', 'page']
[11/05/2020 17:52:18] Target: assistance centreware vii
[11/05/2020 17:52:18] Hypo_101: assistance du pilote d' imprimante centreware vii
[11/05/2020 17:52:18] "c" to character 11.
[11/05/2020 17:52:18] Target: assistance centreware vii
[11/05/2020 17:52:18] Hypo_102: assistance centreware prennent en charge vii
[11/05/2020 17:52:18] to character 22.
[11/05/2020 17:52:18] ['assistance']
[11/05/2020 17:52:18] ['de', '.', 'le', 'la', ',']
[11/05/2020 17:52:18] ['pour', 'papier', 'par', 'pas', 'page']
[11/05/2020 17:52:18] Target: assistance centreware vii
[11/05/2020 17:52:18] Hypo_103: assistance du pilote d' imprimante centreware vii
[11/05/2020 17:52:18] "c" to character 11.
[11/05/2020 17:52:18] Target: assistance centreware vii
[11/05/2020 17:52:18] Hypo_104: assistance centreware prennent en charge vii
[11/05/2020 17:52:18] to character 22.
[11/05/2020 17:52:18] ['assistance']
[11/05/2020 17:52:18] ['de', '.', 'le', 'la', ',']
[11/05/2020 17:52:18] ['pour', 'papier', 'par', 'pas', 'page']
[11/05/2020 17:52:18] Target: assistance centreware vii
[11/05/2020 17:52:18] Hypo_105: assistance du pilote d' imprimante centreware vii
[11/05/2020 17:52:18] "c" to character 11.
[11/05/2020 17:52:18] Target: assistance centreware vii
[11/05/2020 17:52:18] Hypo_106: assistance centreware prennent en charge vii
[11/05/2020 17:52:18] to character 22.
[11/05/2020 17:52:18] ['assistance']
[11/05/2020 17:52:18] ['de', '.', 'le', 'la', ',']
[11/05/2020 17:52:18] ['pour', 'papier', 'par', 'pas', 'page']
[11/05/2020 17:52:19] Target: assistance centreware vii
[11/05/2020 17:52:19] Hypo_107: assistance du pilote d' imprimante centreware vii
[11/05/2020 17:52:19] "c" to character 11.
[11/05/2020 17:52:19] Target: assistance centreware vii
[11/05/2020 17:52:19] Hypo_108: assistance centreware prennent en charge vii
[11/05/2020 17:52:19] to character 22.
[11/05/2020 17:52:19] ['assistance']
[11/05/2020 17:52:19] ['de', '.', 'le', 'la', ',']
[11/05/2020 17:52:19] ['pour', 'papier', 'par', 'pas', 'page']
[11/05/2020 17:52:19] Target: assistance centreware vii
[11/05/2020 17:52:19] Hypo_109: assistance du pilote d' imprimante centreware vii
[11/05/2020 17:52:19] "c" to character 11.
[11/05/2020 17:52:19] Target: assistance centreware vii
[11/05/2020 17:52:19] Hypo_110: assistance centreware prennent en charge vii
[11/05/2020 17:52:19] to character 22.
[11/05/2020 17:52:19] ['assistance']
[11/05/2020 17:52:19] ['de', '.', 'le', 'la', ',']
[11/05/2020 17:52:19] ['pour', 'papier', 'par', 'pas', 'page']
[11/05/2020 17:52:19] Target: assistance centreware vii
[11/05/2020 17:52:19] Hypo_111: assistance du pilote d' imprimante centreware vii
[11/05/2020 17:52:19] "c" to character 11.
[11/05/2020 17:52:19] Target: assistance centreware vii
[11/05/2020 17:52:19] Hypo_112: assistance centreware prennent en charge vii
[11/05/2020 17:52:19] to character 22.
[11/05/2020 17:52:19] ['assistance']
[11/05/2020 17:52:19] ['de', '.', 'le', 'la', ',']
[11/05/2020 17:52:19] ['pour', 'papier', 'par', 'pas', 'page']
[11/05/2020 17:52:19] Target: assistance centreware vii
[11/05/2020 17:52:19] Hypo_113: assistance du pilote d' imprimante centreware vii
[11/05/2020 17:52:19] "c" to character 11.
[11/05/2020 17:52:19] Target: assistance centreware vii
[11/05/2020 17:52:19] Hypo_114: assistance centreware prennent en charge vii
[11/05/2020 17:52:19] to character 22.
[11/05/2020 17:52:19] ['assistance']
[11/05/2020 17:52:19] ['de', '.', 'le', 'la', ',']
[11/05/2020 17:52:19] ['pour', 'papier', 'par', 'pas', 'page']
[11/05/2020 17:52:19] Target: assistance centreware vii
[11/05/2020 17:52:19] Hypo_115: assistance du pilote d' imprimante centreware vii
[11/05/2020 17:52:19] "c" to character 11.
[11/05/2020 17:52:19] Target: assistance centreware vii
[11/05/2020 17:52:19] Hypo_116: assistance centreware prennent en charge vii
[11/05/2020 17:52:19] to character 22.
[11/05/2020 17:52:19] ['assistance']
[11/05/2020 17:52:19] ['de', '.', 'le', 'la', ',']
[11/05/2020 17:52:19] ['pour', 'papier', 'par', 'pas', 'page']
[11/05/2020 17:52:19] Target: assistance centreware vii
[11/05/2020 17:52:19] Hypo_117: assistance du pilote d' imprimante centreware vii
[11/05/2020 17:52:19] "c" to character 11.
[11/05/2020 17:52:19] Target: assistance centreware vii
[11/05/2020 17:52:19] Hypo_118: assistance centreware prennent en charge vii
[11/05/2020 17:52:19] to character 22.
[11/05/2020 17:52:19] ['assistance']
[11/05/2020 17:52:19] ['de', '.', 'le', 'la', ',']
[11/05/2020 17:52:19] ['pour', 'papier', 'par', 'pas', 'page']
[11/05/2020 17:52:19] Target: assistance centreware vii
[11/05/2020 17:52:19] Hypo_119: assistance du pilote d' imprimante centreware vii
[11/05/2020 17:52:19] "c" to character 11.
[11/05/2020 17:52:20] Target: assistance centreware vii
[11/05/2020 17:52:20] Hypo_120: assistance centreware prennent en charge vii
[11/05/2020 17:52:20] to character 22.
[11/05/2020 17:52:20] ['assistance']
[11/05/2020 17:52:20] ['de', '.', 'le', 'la', ',']
[11/05/2020 17:52:20] ['pour', 'papier', 'par', 'pas', 'page']
[11/05/2020 17:52:20] Target: assistance centreware vii
[11/05/2020 17:52:20] Hypo_121: assistance du pilote d' imprimante centreware vii
[11/05/2020 17:52:20] "c" to character 11.
[11/05/2020 17:52:20] Target: assistance centreware vii
[11/05/2020 17:52:20] Hypo_122: assistance centreware prennent en charge vii
[11/05/2020 17:52:20] to character 22.
[11/05/2020 17:52:20] ['assistance']
[11/05/2020 17:52:20] ['de', '.', 'le', 'la', ',']
[11/05/2020 17:52:20] ['pour', 'papier', 'par', 'pas', 'page']
[11/05/2020 17:52:20] Target: assistance centreware vii
[11/05/2020 17:52:20] Hypo_123: assistance du pilote d' imprimante centreware vii
[11/05/2020 17:52:20] "c" to character 11.
[11/05/2020 17:52:20] Target: assistance centreware vii
[11/05/2020 17:52:20] Hypo_124: assistance centreware prennent en charge vii
[11/05/2020 17:52:20] to character 22.
[11/05/2020 17:52:20] ['assistance']
[11/05/2020 17:52:20] ['de', '.', 'le', 'la', ',']
[11/05/2020 17:52:20] ['pour', 'papier', 'par', 'pas', 'page']
[11/05/2020 17:52:20] Target: assistance centreware vii
[11/05/2020 17:52:20] Hypo_125: assistance du pilote d' imprimante centreware vii
[11/05/2020 17:52:20] "c" to character 11.
[11/05/2020 17:52:20] Target: assistance centreware vii
[11/05/2020 17:52:20] Hypo_126: assistance centreware prennent en charge vii
[11/05/2020 17:52:20] to character 22.
[11/05/2020 17:52:20] ['assistance']
[11/05/2020 17:52:20] ['de', '.', 'le', 'la', ',']
[11/05/2020 17:52:20] ['pour', 'papier', 'par', 'pas', 'page']
[11/05/2020 17:52:20] Target: assistance centreware vii
[11/05/2020 17:52:20] Hypo_127: assistance du pilote d' imprimante centreware vii
[11/05/2020 17:52:20] "c" to character 11.
[11/05/2020 17:52:20] Target: assistance centreware vii
[11/05/2020 17:52:20] Hypo_128: assistance centreware prennent en charge vii
[11/05/2020 17:52:20] to character 22.
[11/05/2020 17:52:20] ['assistance']
[11/05/2020 17:52:20] ['de', '.', 'le', 'la', ',']
[11/05/2020 17:52:20] ['pour', 'papier', 'par', 'pas', 'page']
[11/05/2020 17:52:20] Target: assistance centreware vii
[11/05/2020 17:52:20] Hypo_129: assistance du pilote d' imprimante centreware vii
[11/05/2020 17:52:20] "c" to character 11.
[11/05/2020 17:52:20] Target: assistance centreware vii
[11/05/2020 17:52:20] Hypo_130: assistance centreware prennent en charge vii
[11/05/2020 17:52:20] to character 22.
[11/05/2020 17:52:20] ['assistance']
[11/05/2020 17:52:20] ['de', '.', 'le', 'la', ',']
[11/05/2020 17:52:20] ['pour', 'papier', 'par', 'pas', 'page']
[11/05/2020 17:52:20] Target: assistance centreware vii
[11/05/2020 17:52:20] Hypo_131: assistance du pilote d' imprimante centreware vii
[11/05/2020 17:52:20] "c" to character 11.
[11/05/2020 17:52:20] Target: assistance centreware vii
[11/05/2020 17:52:20] Hypo_132: assistance centreware prennent en charge vii
[11/05/2020 17:52:20] to character 22.
[11/05/2020 17:52:20] ['assistance']
[11/05/2020 17:52:20] ['de', '.', 'le', 'la', ',']
[11/05/2020 17:52:20] ['pour', 'papier', 'par', 'pas', 'page']
[11/05/2020 17:52:21] Target: assistance centreware vii
[11/05/2020 17:52:21] Hypo_133: assistance du pilote d' imprimante centreware vii
[11/05/2020 17:52:21] "c" to character 11.
[11/05/2020 17:52:21] Target: assistance centreware vii
[11/05/2020 17:52:21] Hypo_134: assistance centreware prennent en charge vii
[11/05/2020 17:52:21] to character 22.
[11/05/2020 17:52:21] ['assistance']
[11/05/2020 17:52:21] ['de', '.', 'le', 'la', ',']
[11/05/2020 17:52:21] ['pour', 'papier', 'par', 'pas', 'page']
[11/05/2020 17:52:21] Target: assistance centreware vii
[11/05/2020 17:52:21] Hypo_135: assistance du pilote d' imprimante centreware vii
[11/05/2020 17:52:21] "c" to character 11.
[11/05/2020 17:52:21] Target: assistance centreware vii
[11/05/2020 17:52:21] Hypo_136: assistance centreware prennent en charge vii
[11/05/2020 17:52:21] to character 22.
[11/05/2020 17:52:21] ['assistance']
[11/05/2020 17:52:21] ['de', '.', 'le', 'la', ',']
[11/05/2020 17:52:21] ['pour', 'papier', 'par', 'pas', 'page']
[11/05/2020 17:52:21] Target: assistance centreware vii
[11/05/2020 17:52:21] Hypo_137: assistance du pilote d' imprimante centreware vii
[11/05/2020 17:52:21] "c" to character 11.
[11/05/2020 17:52:21] Target: assistance centreware vii
[11/05/2020 17:52:21] Hypo_138: assistance centreware prennent en charge vii
[11/05/2020 17:52:21] to character 22.
[11/05/2020 17:52:21] ['assistance']
[11/05/2020 17:52:21] ['de', '.', 'le', 'la', ',']
[11/05/2020 17:52:21] ['pour', 'papier', 'par', 'pas', 'page']
[11/05/2020 17:52:21] Target: assistance centreware vii
[11/05/2020 17:52:21] Hypo_139: assistance du pilote d' imprimante centreware vii
[11/05/2020 17:52:21] "c" to character 11.
[11/05/2020 17:52:21] Target: assistance centreware vii
[11/05/2020 17:52:21] Hypo_140: assistance centreware prennent en charge vii
[11/05/2020 17:52:21] to character 22.
[11/05/2020 17:52:21] ['assistance']
[11/05/2020 17:52:21] ['de', '.', 'le', 'la', ',']
[11/05/2020 17:52:21] ['pour', 'papier', 'par', 'pas', 'page']
[11/05/2020 17:52:21] Target: assistance centreware vii
[11/05/2020 17:52:21] Hypo_141: assistance du pilote d' imprimante centreware vii
[11/05/2020 17:52:21] "c" to character 11.
[11/05/2020 17:52:21] Target: assistance centreware vii
[11/05/2020 17:52:21] Hypo_142: assistance centreware prennent en charge vii
[11/05/2020 17:52:21] to character 22.
[11/05/2020 17:52:21] ['assistance']
[11/05/2020 17:52:21] ['de', '.', 'le', 'la', ',']
[11/05/2020 17:52:21] ['pour', 'papier', 'par', 'pas', 'page']
[11/05/2020 17:52:21] Target: assistance centreware vii
[11/05/2020 17:52:21] Hypo_143: assistance du pilote d' imprimante centreware vii
[11/05/2020 17:52:21] "c" to character 11.
[11/05/2020 17:52:21] Target: assistance centreware vii
[11/05/2020 17:52:21] Hypo_144: assistance centreware prennent en charge vii
[11/05/2020 17:52:21] to character 22.
[11/05/2020 17:52:21] ['assistance']
[11/05/2020 17:52:21] ['de', '.', 'le', 'la', ',']
[11/05/2020 17:52:21] ['pour', 'papier', 'par', 'pas', 'page']
[11/05/2020 17:52:21] Target: assistance centreware vii
[11/05/2020 17:52:21] Hypo_145: assistance du pilote d' imprimante centreware vii
[11/05/2020 17:52:21] "c" to character 11.
[11/05/2020 17:52:22] Target: assistance centreware vii
[11/05/2020 17:52:22] Hypo_146: assistance centreware prennent en charge vii
[11/05/2020 17:52:22] to character 22.
[11/05/2020 17:52:22] ['assistance']
[11/05/2020 17:52:22] ['de', '.', 'le', 'la', ',']
[11/05/2020 17:52:22] ['pour', 'papier', 'par', 'pas', 'page']
[11/05/2020 17:52:22] Target: assistance centreware vii
[11/05/2020 17:52:22] Hypo_147: assistance du pilote d' imprimante centreware vii
[11/05/2020 17:52:22] "c" to character 11.
[11/05/2020 17:52:22] Target: assistance centreware vii
[11/05/2020 17:52:22] Hypo_148: assistance centreware prennent en charge vii
[11/05/2020 17:52:22] to character 22.
[11/05/2020 17:52:22] ['assistance']
[11/05/2020 17:52:22] ['de', '.', 'le', 'la', ',']
[11/05/2020 17:52:22] ['pour', 'papier', 'par', 'pas', 'page']
[11/05/2020 17:52:22] Target: assistance centreware vii
[11/05/2020 17:52:22] Hypo_149: assistance du pilote d' imprimante centreware vii
[11/05/2020 17:52:22] "c" to character 11.
[11/05/2020 17:52:22] Target: assistance centreware vii
[11/05/2020 17:52:22] Hypo_150: assistance centreware prennent en charge vii
[11/05/2020 17:52:22] to character 22.
[11/05/2020 17:52:22] ['assistance']
[11/05/2020 17:52:22] ['de', '.', 'le', 'la', ',']
[11/05/2020 17:52:22] ['pour', 'papier', 'par', 'pas', 'page']
[11/05/2020 17:52:22] Target: assistance centreware vii
[11/05/2020 17:52:22] Hypo_151: assistance du pilote d' imprimante centreware vii
[11/05/2020 17:52:22] "c" to character 11.
[11/05/2020 17:52:22] Target: assistance centreware vii
[11/05/2020 17:52:22] Hypo_152: assistance centreware prennent en charge vii
[11/05/2020 17:52:22] to character 22.
[11/05/2020 17:52:22] ['assistance']
[11/05/2020 17:52:22] ['de', '.', 'le', 'la', ',']
[11/05/2020 17:52:22] ['pour', 'papier', 'par', 'pas', 'page']
[11/05/2020 17:52:22] Target: assistance centreware vii
[11/05/2020 17:52:22] Hypo_153: assistance du pilote d' imprimante centreware vii
[11/05/2020 17:52:22] "c" to character 11.
[11/05/2020 17:52:22] Target: assistance centreware vii
[11/05/2020 17:52:22] Hypo_154: assistance centreware prennent en charge vii
[11/05/2020 17:52:22] to character 22.
[11/05/2020 17:52:22] ['assistance']
[11/05/2020 17:52:22] ['de', '.', 'le', 'la', ',']
[11/05/2020 17:52:22] ['pour', 'papier', 'par', 'pas', 'page']
[11/05/2020 17:52:22] Target: assistance centreware vii
[11/05/2020 17:52:22] Hypo_155: assistance du pilote d' imprimante centreware vii
[11/05/2020 17:52:22] "c" to character 11.
[11/05/2020 17:52:22] Target: assistance centreware vii
[11/05/2020 17:52:22] Hypo_156: assistance centreware prennent en charge vii
[11/05/2020 17:52:22] to character 22.
[11/05/2020 17:52:22] ['assistance']
[11/05/2020 17:52:22] ['de', '.', 'le', 'la', ',']
[11/05/2020 17:52:22] ['pour', 'papier', 'par', 'pas', 'page']
[11/05/2020 17:52:22] Target: assistance centreware vii
[11/05/2020 17:52:22] Hypo_157: assistance du pilote d' imprimante centreware vii
[11/05/2020 17:52:22] "c" to character 11.
[11/05/2020 17:52:22] Target: assistance centreware vii
[11/05/2020 17:52:22] Hypo_158: assistance centreware prennent en charge vii
[11/05/2020 17:52:22] to character 22.
[11/05/2020 17:52:22] ['assistance']
[11/05/2020 17:52:22] ['de', '.', 'le', 'la', ',']
[11/05/2020 17:52:22] ['pour', 'papier', 'par', 'pas', 'page']
[11/05/2020 17:52:22] Target: assistance centreware vii
[11/05/2020 17:52:22] Hypo_159: assistance du pilote d' imprimante centreware vii
[11/05/2020 17:52:22] "c" to character 11.
[11/05/2020 17:52:22] Target: assistance centreware vii
[11/05/2020 17:52:22] Hypo_160: assistance centreware prennent en charge vii
[11/05/2020 17:52:23] to character 22.
[11/05/2020 17:52:23] ['assistance']
[11/05/2020 17:52:23] ['de', '.', 'le', 'la', ',']
[11/05/2020 17:52:23] ['pour', 'papier', 'par', 'pas', 'page']
[11/05/2020 17:52:23] Target: assistance centreware vii
[11/05/2020 17:52:23] Hypo_161: assistance du pilote d' imprimante centreware vii
[11/05/2020 17:52:23] "c" to character 11.
[11/05/2020 17:52:23] Target: assistance centreware vii
[11/05/2020 17:52:23] Hypo_162: assistance centreware prennent en charge vii
[11/05/2020 17:52:23] to character 22.
[11/05/2020 17:52:23] ['assistance']
[11/05/2020 17:52:23] ['de', '.', 'le', 'la', ',']
[11/05/2020 17:52:23] ['pour', 'papier', 'par', 'pas', 'page']
[11/05/2020 17:52:23] Target: assistance centreware vii
[11/05/2020 17:52:23] Hypo_163: assistance du pilote d' imprimante centreware vii
[11/05/2020 17:52:23] "c" to character 11.
[11/05/2020 17:52:23] Target: assistance centreware vii
[11/05/2020 17:52:23] Hypo_164: assistance centreware prennent en charge vii
[11/05/2020 17:52:23] to character 22.
[11/05/2020 17:52:23] ['assistance']
[11/05/2020 17:52:23] ['de', '.', 'le', 'la', ',']
[11/05/2020 17:52:23] ['pour', 'papier', 'par', 'pas', 'page']
[11/05/2020 17:52:23] Target: assistance centreware vii
[11/05/2020 17:52:23] Hypo_165: assistance du pilote d' imprimante centreware vii
[11/05/2020 17:52:23] "c" to character 11.
[11/05/2020 17:52:23] Target: assistance centreware vii
[11/05/2020 17:52:23] Hypo_166: assistance centreware prennent en charge vii
[11/05/2020 17:52:23] to character 22.
[11/05/2020 17:52:23] ['assistance']
[11/05/2020 17:52:23] ['de', '.', 'le', 'la', ',']
[11/05/2020 17:52:23] ['pour', 'papier', 'par', 'pas', 'page']
[11/05/2020 17:52:23] Target: assistance centreware vii
[11/05/2020 17:52:23] Hypo_167: assistance du pilote d' imprimante centreware vii
[11/05/2020 17:52:23] "c" to character 11.
[11/05/2020 17:52:23] Target: assistance centreware vii
[11/05/2020 17:52:23] Hypo_168: assistance centreware prennent en charge vii
[11/05/2020 17:52:23] to character 22.
[11/05/2020 17:52:23] ['assistance']
[11/05/2020 17:52:23] ['de', '.', 'le', 'la', ',']
[11/05/2020 17:52:23] ['pour', 'papier', 'par', 'pas', 'page']
[11/05/2020 17:52:23] Target: assistance centreware vii
[11/05/2020 17:52:23] Hypo_169: assistance du pilote d' imprimante centreware vii
[11/05/2020 17:52:23] "c" to character 11.
